<?xml version="1.0" encoding="UTF-8"?>
<testng-results skipped="0" failed="0" total="1" passed="1">
  <reporter-output>
  </reporter-output>
  <suite name="Surefire suite" duration-ms="4787" started-at="2018-11-21T09:51:34Z" finished-at="2018-11-21T09:51:38Z">
    <groups>
    </groups>
    <test name="Surefire test" duration-ms="4787" started-at="2018-11-21T09:51:34Z" finished-at="2018-11-21T09:51:38Z">
      <class name="intTests.IntegrationTest">
        <test-method status="PASS" signature="TestTitle1()[pri:0, instance:TestTitle1(intTests.IntegrationTest)]" name="TestTitle1" duration-ms="4737" started-at="2018-11-21T11:51:34Z" finished-at="2018-11-21T11:51:38Z">
          <reporter-output>
          </reporter-output>
        </test-method> <!-- TestTitle1 -->
      </class> <!-- intTests.IntegrationTest -->
    </test> <!-- Surefire test -->
  </suite> <!-- Surefire suite -->
</testng-results>
